2,1383089152334,"MoOx","MoOx join the chan."
32,1383089648859,"MoOx","MoOx leave the IRC (Ping timeout: 245 seconds)."
32,1383089700399,"Nyalab","Nyalab leave the IRC (Remote host closed the connection)."
2,1383090186151,"Nyalab","Nyalab join the chan."
32,1383091215560,"Nyalab","Nyalab leave the IRC (Remote host closed the connection)."
2,1383091623950,"fbentz_","fbentz_ join the chan."
32,1383092088680,"fbentz","fbentz leave the IRC (*.net *.split)."
256,1383092090662,"fbentz_","fbentz_ changed his nick for fbentz."
32,1383093564372,"fbentz","fbentz leave the IRC (Quit: fbentz)."
2,1383093647599,"fbentz","fbentz join the chan."
32,1383093647609,"fbentz","fbentz leave the IRC (Client Quit)."
2,1383094752093,"fbentz","fbentz join the chan."
2,1383095242721,"_mlb","_mlb join the chan."
2,1383095887126,"MoOx","MoOx join the chan."
32,1383096188749,"MoOx","MoOx leave the IRC (Ping timeout: 272 seconds)."
32,1383096915122,"fbentz","fbentz leave the IRC (Quit: fbentz)."
2,1383102378750,"MoOx","MoOx join the chan."
32,1383102632356,"MoOx","MoOx leave the IRC (Ping timeout: 245 seconds)."
32,1383106943070,"angezanetti","angezanetti leave the IRC (Ping timeout: 272 seconds)."
2,1383108878628,"MoOx","MoOx join the chan."
32,1383108979722,"MoOx","MoOx leave the IRC (Remote host closed the connection)."
2,1383108992649,"MoOx","MoOx join the chan."
2,1383111172734,"angezanetti","angezanetti join the chan."
2,1383120227924,"Grirrle","Grirrle join the chan."
2,1383120434994,"HammHetfield","HammHetfield join the chan."
2,1383122001881,"Nyalab","Nyalab join the chan."
2,1383122878357,"nicolasbadia_","nicolasbadia_ join the chan."
32,1383122925122,"nicolasbadia","nicolasbadia leave the IRC (Ping timeout: 272 seconds)."
256,1383122925170,"nicolasbadia_","nicolasbadia_ changed his nick for nicolasbadia."
2,1383123024116,"OwlyCode","OwlyCode join the chan."
2,1383123487404,"fbentz","fbentz join the chan."
32,1383123813057,"_mlb","_mlb leave the IRC (Remote host closed the connection)."
2,1383123847650,"_mlb","_mlb join the chan."
32,1383124131986,"_mlb","_mlb leave the IRC (Ping timeout: 252 seconds)."
1,1383124328090,"nfroidure","angezanetti, pour ChtiJS demain, mieux vaut que j'amène les bières ?"
2,1383125238812,"_mlb","_mlb join the chan."
32,1383125725582,"fbentz","fbentz leave the IRC (Quit: fbentz)."
2,1383126256029,"fbentz","fbentz join the chan."
2,1383126269031,"stephCoue","stephCoue join the chan."
2,1383128898810,"oncletom","oncletom join the chan."
1,1383129281117,"_kud","NiKo`: Tu vas bosser dessus du coup ? http://triflejs.org/"
32,1383129326696,"stephCoue","stephCoue leave the IRC (Read error: Connection reset by peer)."
2,1383129332998,"steph_","steph_ join the chan."
1,1383130200153,"NiKo`","_kud: wow"
1,1383130219914,"NiKo`","j'ai pas le temps, mais s'ils sont compatibles avec l'api de phantom, ça pourrait être assez trivial"
1,1383130231815,"_kud","j'espère <3"
1,1383130234476,"_kud","ca serait chouette"
1,1383130237447,"NiKo`","le truc c'est que je me refuse à commencer à bosser sous Windows pour casper"
1,1383130241591,"_kud","tu m'etonnes"
1,1383130245045,"_kud","je te commprends parfaitement"
1,1383130258781,"NiKo`","j'ai envie de laisser le support de cette plateforme à la communauté"
1,1383130269089,"NiKo`","j'ai un mec dans la coreteam qui est expert .net"
1,1383130275700,"NiKo`","c'est lui qui a fait le nouveau casper.exe"
1,1383130294654,"NiKo`","j'aimerais assez qu'il se prenne le sujet trifle en main :)"
1,1383130300131,"_kud","oui"
1,1383130314761,"NiKo`","je vais lui assigner une issue tiens :P"
256,1383130390185,"madx`","madx` changed his nick for madx."
256,1383130403602,"madx","madx changed his nick for umadx`."
256,1383130425073,"umadx`","umadx` changed his nick for madx`."
1,1383130429081,"_kud","haha NiKo`"
32,1383131805234,"oncletom","oncletom leave the IRC (Read error: Connection reset by peer)."
2,1383131817920,"oncletom","oncletom join the chan."
32,1383132022901,"oncletom","oncletom leave the IRC (Read error: Connection reset by peer)."
2,1383132036970,"oncletom","oncletom join the chan."
1,1383132673154,"_kud","HAHAHAHAHAHA http://www.journaldunet.com/solutions/saas-logiciel/adobe-hacke-1013.shtml"
32,1383135124046,"_kud","_kud leave the IRC (Ping timeout: 260 seconds)."
32,1383135815176,"oncletom","oncletom leave the IRC (Quit: Leaving.)."
2,1383136442833,"brice","brice join the chan."
1,1383138032948,"angezanetti","nfroidure: je sais pas vous avez fait comment la dernre fois ?"
1,1383138054547,"angezanetti","nfroidure: je serais pas là Jeudi soir, je pars en week end"
1,1383138056921,"nfroidure","On avait apporté nos bières"
1,1383138069540,"nfroidure","oki, y'aura qqun pour nous accueillir ?"
1,1383138078344,"angezanetti","ben même technique alors, le bar est toujorus pas opé"
1,1383138102681,"angezanetti","oui, il faut que je vois avec Daishi sinon JB qui habite juste à coté"
1,1383138119570,"angezanetti","et qui vient de s'inscrire aujourd'hui"
1,1383138145175,"nfroidure","Y'aura encore un paquet de gens"
1,1383138160528,"angezanetti","combien d'inscrits ?"
1,1383138189749,"nfroidure","23"
1,1383138196121,"nfroidure","JB a sauté le pas ?"
1,1383138252243,"angezanetti","oui, il est a coté de moi :)"
1,1383138291884,"nfroidure","Couillu ! Il avait la place chez OVH."
1,1383138367081,"nfroidure","Bah, JB va à ChtiJS donc ça devrait le faire."
1,1383138375115,"nfroidure","http://doodle.com/bq68aumq2uf7vmk8"
1,1383138401417,"angezanetti","il sera là oui :)"
1,1383138590629,"angezanetti","nfroidure: les slides des prez peuvent être stockés qq part ?"
1,1383138599060,"angezanetti","ça peut faire de belles ressources"
1,1383138624126,"nfroidure","La dernière fois, chacun a posté de son côté et j'ai RT avec @chtijs"
1,1383138652603,"nfroidure","Je pensais justement à l'intérêt de faire un blog collaboratif ChtiJS"
1,1383138663558,"nfroidure","Mais bon, à voir si ça vaut le coup"
1,1383138668345,"angezanetti","yep, ça serait cool de pouvoir centralisé tout ça"
1,1383138680195,"angezanetti","peut être à l'échelle de FranceJS non ?"
1,1383138702710,"nfroidure","Ça serait sûrement mieux en effet car ça prend du temps de faire un site pour chaque groupe."
1,1383138847957,"angezanetti","oui on fait un truc heberge sur gitub et zou"
1,1383139100511,"nfroidure","Je vais voir les issues du site FranceJS, je sais que ça a déjà été évoqué le souci des slides mais pas sûr qu'il y ait d'issue"
1,1383139156240,"angezanetti","nfroidure: apparement si en fait, il y aura de la bière"
1,1383139168097,"angezanetti","nfroidure: J'appelle manu pour en savoir plus :)"
1,1383139187454,"nfroidure","Cool. De toute façon j'ai dit aux gens d'amener un peu de monnaie"
1,1383139234681,"nfroidure","Sinon, j'avais un peu de matos pour installer une pompe à bière, faudrait que je fouille dans mon hangar voir si j'ai tjrs toutes les pièces"
1,1383139242216,"nfroidure","Un défi pour les makers ? :D"
1,1383139334321,"angezanetti","il ya une pompe a biere au Mutualab :)"
1,1383139353475,"angezanetti","heu tu parles d'une tireuse  biere ?"
1,1383139368476,"angezanetti","ou d'une pompe pour les futs de 5l ?"
1,1383139381687,"nfroidure","D'une tireuse de café"
1,1383139395472,"nfroidure","Avec le jet truc pour laver les verres"
1,1383139411424,"angezanetti","ah oui ça pourrait être cool, je vais en parler."
1,1383139423442,"angezanetti","Après le truc c'est qu'un fut ça dure 15j je crois"
1,1383139440660,"nfroidure","Y'a des fûtes de 50 ou 30l peut-être même moins"
1,1383139443221,"angezanetti","30L en 15j :)"
1,1383139445180,"nfroidure","-e"
1,1383139461041,"nfroidure","Je viendrai en renfort"
1,1383139462663,"nfroidure",":D"
1,1383139464116,"angezanetti","ahha"
1,1383139506112,"angezanetti","ben écoute pourquoi pas, au pire elle servira toujours pour les evenements"
1,1383139591558,"nfroidure","https://github.com/francejs/francejs.github.com/issues/67"
1,1383139605070,"nfroidure","Ok, je vais jeter un oeil ce soir."
1,1383139646247,"angezanetti","merci !"
1,1383139663815,"angezanetti","ben remarque 30L si ya 30 personnes au ChtiJS ça peut le faire"
1,1383139675231,"angezanetti","plus les apéro du Vendredi soir"
1,1383139708427,"madx`","je ne te crois pas angezanetti"
1,1383139712133,"madx`","30L pour 30 personnes ?"
1,1383139715713,"madx`","ChtiJS ?"
1,1383139800736,"angezanetti","https://github.com/francejs/francejs.github.com/issues/67#issuecomment-27387437"
1,1383139805727,"nfroidure","Ca fait 4 demi par personnes :)"
1,1383139815113,"nfroidure","Mais y'a tjrs des pertes"
1,1383139827786,"angezanetti","madx`: c'est le Nooooooooord"
1,1383139868663,"angezanetti","ici on picole pour oublier !"
1,1383139869792,"madx`","dans mes souvenirs, le froid était tellement rude d'1L par personne ça te permettait de te réchauffer le bout du nez"
1,1383139875485,"angezanetti","ahaha"
1,1383139891915,"angezanetti","sans compter les chiens de traineaux qui picolent aussi"
1,1383139902082,"nfroidure",":D"
1,1383139909840,"madx`","oui !"
1,1383140032355,"madx`","j'ai vu les photos du mutualab la dernière fois, ça a l'air sympa"
1,1383140033090,"madx`","http://thornews.files.wordpress.com/2012/11/ishotell-alta41.jpg"
1,1383140159910,"angezanetti","ahahah - c'est beaucoup plus beau que ça :)"
1,1383140168617,"angezanetti","on a même des tableaux d'artites au mur et tout"
1,1383140213176,"angezanetti","https://twitter.com/AngeZanetti/status/392312231092027392/photo/1"
1,1383140214550,"bobot","@AngeZanetti: L'art s'invite au #mutualab cette semaine :) merci @LucieBaratte http://pic.twitter.com/K5gREAs0t4"
1,1383140215052,"bobot","https://pbs.twimg.com/media/BXHF5TcIQAAvq1-.jpg"
1,1383140226863,"angezanetti","bobot: merci"
1,1383140227053,"bobot","Unknown command, sucker. :]"
1,1383140232479,"angezanetti","bobot: café ?"
1,1383140233060,"bobot","Unknown command, sucker. :]"
1,1383140263423,"angezanetti","bobot: you're a fuckin bot"
1,1383140263595,"bobot","Unknown command, sucker. :]"
1,1383140266247,"angezanetti",":)"
32,1383140641851,"steph_","steph_ leave the IRC (Read error: Connection reset by peer)."
2,1383140654101,"stephCoue","stephCoue join the chan."
2,1383141165856,"fbentz_","fbentz_ join the chan."
32,1383141193592,"fbentz","fbentz leave the IRC (Ping timeout: 252 seconds)."
256,1383141193866,"fbentz_","fbentz_ changed his nick for fbentz."
2,1383142195127,"_kud","_kud join the chan."
32,1383142688863,"brice","brice leave the IRC (Ping timeout: 240 seconds)."
32,1383142900776,"Grirrle","Grirrle leave the IRC (Ping timeout: 245 seconds)."
2,1383143010817,"Grirrle","Grirrle join the chan."
32,1383143384839,"Grirrle","Grirrle leave the IRC (Ping timeout: 264 seconds)."
2,1383143597375,"oncletom","oncletom join the chan."
32,1383144331020,"_mlb","_mlb leave the IRC (Ping timeout: 240 seconds)."
2,1383144400020,"_mlb","_mlb join the chan."
2,1383144814471,"_mlb_","_mlb_ join the chan."
32,1383144814689,"_mlb","_mlb leave the IRC (Read error: Connection reset by peer)."
2,1383145271320,"brice","brice join the chan."
2,1383145401333,"Grirrle","Grirrle join the chan."
32,1383145542819,"oncletom","oncletom leave the IRC (Quit: Leaving.)."
2,1383146526461,"oncletom","oncletom join the chan."
2,1383147183002,"AlexandreMorgaut","AlexandreMorgaut join the chan."
2,1383147230452,"fbentz_","fbentz_ join the chan."
32,1383147278054,"fbentz","fbentz leave the IRC (Ping timeout: 246 seconds)."
256,1383147278508,"fbentz_","fbentz_ changed his nick for fbentz."
256,1383148962047,"_mlb_","_mlb_ changed his nick for _mlb."
32,1383149359495,"brice","brice leave the IRC (Ping timeout: 240 seconds)."
1,1383149954225,"oncletom","Si vous avez besoin de générer des waveform, y'a un bon outillage maintenant 8-) http://www.bbc.co.uk/rd/blog/2013/10/audio-waveforms"
32,1383152953349,"OwlyCode","OwlyCode leave the IRC (Quit: Quitte)."
32,1383152992102,"oncletom","oncletom leave the IRC (Read error: Connection reset by peer)."
2,1383153013707,"oncletom","oncletom join the chan."
32,1383153076103,"HammHetfield","HammHetfield leave the IRC (Quit: HammHetfield)."
32,1383154076081,"Nyalab","Nyalab leave the IRC (Remote host closed the connection)."
32,1383154344545,"fbentz","fbentz leave the IRC (Quit: fbentz)."
2,1383154499631,"brice","brice join the chan."
32,1383154567677,"Grirrle","Grirrle leave the IRC (Ping timeout: 240 seconds)."
32,1383154682977,"brice","brice leave the IRC (Client Quit)."
32,1383155522204,"stephCoue","stephCoue leave the IRC (undefined)."
2,1383155547792,"oncletom1","oncletom1 join the chan."
32,1383155659296,"_mlb","_mlb leave the IRC (Remote host closed the connection)."
32,1383155788801,"oncletom","oncletom leave the IRC (Ping timeout: 260 seconds)."
32,1383157685188,"oncletom1","oncletom1 leave the IRC (Quit: Leaving.)."
2,1383158693323,"kud","kud join the chan."
32,1383164804628,"AlexandreMorgaut","AlexandreMorgaut leave the IRC (Quit: This computer has gone to sleep)."
32,1383165112354,"kud","kud leave the IRC (Remote host closed the connection)."
32,1383166242200,"MoOx","MoOx leave the IRC (Remote host closed the connection)."
2,1383166276607,"MoOx","MoOx join the chan."
32,1383166528287,"MoOx","MoOx leave the IRC (Ping timeout: 246 seconds)."
2,1383166975396,"kud","kud join the chan."
32,1383167044737,"kud","kud leave the IRC (Read error: Connection reset by peer)."
2,1383167077121,"kud","kud join the chan."
32,1383167330971,"kud","kud leave the IRC (Ping timeout: 240 seconds)."
2,1383169292798,"kud","kud join the chan."
32,1383170362473,"_kud","_kud leave the IRC (Read error: Connection reset by peer)."
2,1383170373318,"kud_","kud_ join the chan."
2,1383170657174,"_kud","_kud join the chan."
32,1383170687297,"kud_","kud_ leave the IRC (Ping timeout: 272 seconds)."
32,1383173866818,"kud","kud leave the IRC (undefined)."
