2,1383261365628,"fbentz","fbentz join the chan."
32,1383261453440,"_kud","_kud leave the IRC (undefined)."
2,1383262351229,"MoOx","MoOx join the chan."
32,1383262605025,"MoOx","MoOx leave the IRC (Ping timeout: 252 seconds)."
32,1383264189535,"fbentz","fbentz leave the IRC (Quit: fbentz)."
2,1383264420401,"tsophia","tsophia join the chan."
1,1383264456489,"tsophia","bonsoir quelqu'un ici connait le plugin wordpress gravity form ?"
4,1383264732072,"tsophia","tsophia leave the chan."
2,1383266715194,"tsophia","tsophia join the chan."
4,1383266722741,"tsophia","tsophia leave the chan."
2,1383267323946,"_mlb","_mlb join the chan."
32,1383268041231,"Marsup","Marsup leave the IRC (Ping timeout: 260 seconds)."
2,1383268168403,"Marsup","Marsup join the chan."
32,1383268601160,"Marsup","Marsup leave the IRC (Ping timeout: 260 seconds)."
2,1383268769232,"Marsup","Marsup join the chan."
2,1383268845146,"MoOx","MoOx join the chan."
32,1383269148914,"MoOx","MoOx leave the IRC (Ping timeout: 272 seconds)."
32,1383274143922,"_mlb","_mlb leave the IRC (Remote host closed the connection)."
2,1383274179221,"_mlb","_mlb join the chan."
2,1383274300825,"_mlb_","_mlb_ join the chan."
32,1383274300905,"_mlb","_mlb leave the IRC (Read error: Connection reset by peer)."
32,1383274910219,"_mlb_","_mlb_ leave the IRC (Remote host closed the connection)."
2,1383274946897,"_mlb","_mlb join the chan."
32,1383275223399,"_mlb","_mlb leave the IRC (Ping timeout: 240 seconds)."
2,1383275341328,"MoOx","MoOx join the chan."
32,1383275640132,"MoOx","MoOx leave the IRC (Ping timeout: 264 seconds)."
2,1383278126317,"_mlb","_mlb join the chan."
32,1383278412233,"_mlb","_mlb leave the IRC (Ping timeout: 264 seconds)."
2,1383280397706,"_mlb","_mlb join the chan."
32,1383281053166,"_mlb","_mlb leave the IRC (Remote host closed the connection)."
2,1383281086374,"_mlb","_mlb join the chan."
32,1383281390861,"_mlb","_mlb leave the IRC (Ping timeout: 268 seconds)."
2,1383281840355,"MoOx","MoOx join the chan."
32,1383282130804,"MoOx","MoOx leave the IRC (Ping timeout: 268 seconds)."
2,1383282836564,"MoOx","MoOx join the chan."
2,1383284716136,"_mlb","_mlb join the chan."
32,1383285012851,"_mlb","_mlb leave the IRC (Ping timeout: 252 seconds)."
2,1383288370882,"_mlb","_mlb join the chan."
32,1383288680209,"_mlb","_mlb leave the IRC (Ping timeout: 268 seconds)."
32,1383288873814,"nfroidure","nfroidure leave the IRC (Ping timeout: 260 seconds)."
2,1383288928836,"_mlb","_mlb join the chan."
32,1383289213652,"_mlb","_mlb leave the IRC (Ping timeout: 272 seconds)."
2,1383289634857,"nfroidure","nfroidure join the chan."
2,1383292580945,"_mlb","_mlb join the chan."
32,1383292861790,"_mlb","_mlb leave the IRC (Ping timeout: 272 seconds)."
2,1383296750584,"brice","brice join the chan."
2,1383297004924,"synbioz","synbioz join the chan."
32,1383297283992,"brice","brice leave the IRC (Quit: Quitte)."
32,1383297320464,"Marlb","Marlb leave the IRC (*.net *.split)."
32,1383297320561,"fuse","fuse leave the IRC (*.net *.split)."
2,1383297778449,"_mlb","_mlb join the chan."
2,1383299208597,"AlexandreMorgaut","AlexandreMorgaut join the chan."
2,1383300024447,"fbentz","fbentz join the chan."
32,1383300756364,"fbentz","fbentz leave the IRC (Quit: fbentz)."
2,1383301130257,"fbentz","fbentz join the chan."
2,1383303489334,"JbPionnier","JbPionnier join the chan."
32,1383303783728,"JbPionnier","JbPionnier leave the IRC (Quit: Leaving.)."
256,1383304381216,"synbioz","synbioz changed his nick for fuse."
1,1383305928075,"nfroidure","plop"
1,1383305979697,"nfroidure","la question s'est posée à ChtiJS de faire des fonts avec une tâche Grunt qui irait chercher les icônes SVG contenus dans un dossier, vous connaissez un outil de ce genre ?"
1,1383306031096,"nfroidure","Idéalement qui garde les même codepoints (peut-être via le nom de fichier (u0006.svg)"
32,1383308282128,"AlexandreMorgaut","AlexandreMorgaut leave the IRC (Quit: This computer has gone to sleep)."
2,1383312100255,"august1","august1 join the chan."
32,1383312105716,"august1","august1 leave the IRC (Client Quit)."
2,1383312127486,"august1","august1 join the chan."
1,1383316009031,"MoOx","nfroidure: grunt-webfont ;)"
1,1383316235702,"nfroidure","Je l'ai forké :)"
1,1383316276691,"MoOx","t'as un bug ?"
1,1383316281058,"MoOx","je suis contributeur dessus"
1,1383316289463,"MoOx","si tu veux un fix rapide ;)"
1,1383316291617,"nfroidure","Apparemment, il mappe pas les codepoints"
1,1383316312000,"MoOx","bah en fait il mappe sur les nom en classe"
1,1383316325285,"nfroidure","Ce que je veux, c'est juste des webfonts avec des codepoints déterminés par le nom de fichier SVG"
1,1383316343124,"nfroidure","Comme ça, je gère mon CSS comme je veux."
1,1383316355733,"MoOx","encore plus pratique non ?"
1,1383316355744,"MoOx","je pige pas"
1,1383316370988,"MoOx","tu veux des unicodes dans les noms de fichiers"
1,1383316370998,"MoOx","et juste générer la font ?"
1,1383316374171,"MoOx","grunt-webfont te génère du css"
1,1383316386382,"MoOx","et tu peux changer le template utilisé pour la génération"
1,1383316390336,"MoOx","je vois pas que que t'as à changer"
1,1383316428501,"nfroidure","Ben, parfois, je veux du :after et parfois du :before"
1,1383316454509,"MoOx","t'as un préproc dans ton workflow ?"
1,1383316466188,"MoOx","tu @extend la classe"
1,1383316478676,"MoOx","sinon"
1,1383316483544,"nfroidure","Pour l'instant nope, mais je me suis fixé de faire un Gruntfile pour FranceJS.org aujourd'hui"
1,1383316504549,"MoOx","tu changes le template qu'il génère jsute la classe avec {content:\"\"}"
1,1383316506612,"MoOx","cad ?"
1,1383316508447,"MoOx","pour le site ?"
1,1383316512207,"nfroidure","yep"
1,1383316520458,"MoOx","ah ben réinvente pas la roue"
1,1383316524567,"MoOx","happyplan mec"
1,1383316526239,"nfroidure","Je veux me faire la main dessus :)"
1,1383316527749,"MoOx","le truc qu'on a fait avec kud"
1,1383316552542,"MoOx","puis entre nous pour les icones"
1,1383316555654,"MoOx","faut pas se faire chier"
1,1383316558808,"MoOx","avec before/after"
1,1383316567388,"MoOx","tu fais <i class=\"icon-bidule\"></i>"
1,1383316570423,"MoOx","et zou :)"
1,1383316579593,"MoOx","https://github.com/happyplan/happyplan"
1,1383316581229,"bobot","A static file generator to replace your old Wordpress. | Stars: 61 | Forks: 9 | Last update: October 29, 2013"
1,1383316586674,"nfroidure","J'ai mal à mon HML là :)"
1,1383316590441,"nfroidure","*HTML"
1,1383316604925,"MoOx","tout le monde fait ca entre nous"
1,1383316612131,"MoOx","faut un juste milieu"
1,1383316614485,"MoOx","entre se faire chier"
1,1383316620481,"MoOx","et faire du code compréhensible"
1,1383316645388,"MoOx","si tu veux voir une bonne utilisation de  happyplan https://github.com/putaindecode/website"
1,1383316646305,"bobot","Our website. | Stars: 5 | Forks: 3 | Last update: October 30, 2013"
1,1383316689541,"MoOx","btw, https://github.com/francejs/francejs.github.com/issues/5 :D"
1,1383316703559,"nfroidure","MoOx, pour ma part, j'ai déjà mon backend, je cherche juste à améliorer mon workflow front"
1,1383316713888,"MoOx","ok ok"
1,1383316715214,"MoOx","as you want"
1,1383316733893,"MoOx","c'est juste que y'a un truc en node qui permet de se concentrer sur le contenu ;)"
1,1383316743941,"MoOx","t'as qu'à fermer l'issue du coup"
1,1383316755282,"nfroidure","Je pensais au GruntFile pour france js car actuellement, si tu clone le projet, tu as pas toutes les cartes en main"
1,1383316769979,"MoOx","same pour happyplan"
1,1383316774011,"MoOx","qui est basé sur grunt :p"
1,1383316787114,"MoOx","cf putaindecode/website ^^"
1,1383316794713,"MoOx","bref as you want"
1,1383316802478,"MoOx","moi jdis ca juste pour faciliter la tache"
1,1383316819163,"MoOx","regarde la source de happyplan au moins pour ce qui est de grunt ;)"
1,1383316828734,"nfroidure","Je pense à ça en attendant. Happy plan marche pas sur les gh-page ?"
1,1383316839813,"MoOx","bien sur que si"
1,1383316860411,"MoOx","https://github.com/happyplan/happyplan/blob/master/docs/1-Getting-Started.md#publish-on-gh-pages-github"
1,1383316880469,"MoOx","en fait c'est meme le comportement par defaut"
1,1383317048993,"nfroidure","Bon, à ce moment là, je vais faire mes armes sur un autre site car j'ai pas besoin de happy plan pour mes projets persos. Je cherche juste à affûter mon toolkit front."
1,1383317085035,"MoOx","la source de hp peut t'aider en tout cas"
1,1383317085872,"nfroidure","Mais pour FranceJS, ça serait cool que quelqu'un fasse un GruntFile (Happy Plan ou pas)"
1,1383317099352,"nfroidure","MoOx, je me réserve le droit de piller votre source ;)"
1,1383317114052,"MoOx","fait toi plaisir"
1,1383317117979,"MoOx","c'est là pour ça"
1,1383317124727,"nfroidure","Tiens, j'au une question grunt"
1,1383317128799,"nfroidure","Pour effroi"
1,1383317134466,"MoOx","je pensais faire un pr pour passer sous hp le site francejs"
1,1383317149263,"MoOx","mais je dois refaire le README de hp"
1,1383317163036,"MoOx","car on parle de sous le capot sans dire ce à quoi ça sert au final"
1,1383317164151,"MoOx","vasy"
1,1383317168537,"MoOx","je suis rodé avec grunt :D"
1,1383317177874,"nfroidure","https://github.com/francejs/effroi/blob/master/Gruntfile.js#L45"
1,1383317204125,"MoOx","oui?"
1,1383317222177,"nfroidure","Pour les tests, le gruntfile faisait pas le nouveau bundle avec la tâche dist quand je changeais les sources dans les dossiers src"
1,1383317236727,"nfroidure","J'ai ajouté la tâche 'watch' et ça marche"
1,1383317266187,"MoOx","va voilà nickel"
1,1383317266242,"MoOx","ba*"
1,1383317269609,"nfroidure","Mais quand je fait npm test puis ctrl+c j'ai des processus qui restent actifs et qui sont pas tués"
1,1383317270231,"MoOx","watch c'est la vie"
1,1383317281108,"MoOx","ah en fait"
1,1383317285051,"MoOx","souvent je sais pas trop pourquoi"
1,1383317327645,"MoOx","faut faire 2 ou 3 ctrl+c normalement"
1,1383317327655,"MoOx","moi je bourrine dessus une triplette"
1,1383317327655,"MoOx","et ca passe"
1,1383317327655,"MoOx","je check là un coup"
1,1383317360960,"nfroidure","Quand je fais grunt test j'ai la même chose, sauf que les processus qui restent se retrouve en fg et si je refais ctrl+c ça les kill"
1,1383317377122,"nfroidure","oui, voilà"
1,1383317387138,"nfroidure","Y'a pas moyen de faire mieux ?"
1,1383317387264,"MoOx","en fait watch lance un autre process"
1,1383317393502,"MoOx","là comme ça nan"
1,1383317401565,"MoOx","mais bon je t'avoue que je le kill rarement"
1,1383317407582,"MoOx","donc perso ca me dérange pas plus que ca"
1,1383317411792,"MoOx","si tu dois killer souvent"
1,1383317414727,"nfroidure","Arf, du coup, si qqun test avec npm test, il se retrouve avec des zombies"
1,1383317428367,"MoOx","c'est que tu devrais améliorer ton watch qu'il fonctionne mieux"
1,1383317554548,"nfroidure","Justement, dans le grunt.registerTask, il semble qu'il y a pas moyen de préciser si tu veux faire un command; ou un command&"
1,1383317564094,"nfroidure","Pour faire une analogie avec le shell"
1,1383317600031,"MoOx","c'est là que tu dois jouer"
1,1383317600042,"MoOx","https://github.com/francejs/effroi/blob/master/Gruntfile.js#L35"
1,1383317612342,"MoOx","dans les task de ton watch"
1,1383317631415,"MoOx","ton test devrait pas lancer le watch"
1,1383317657927,"MoOx","tu devrais faire grunt.registerTask('default', ['test', 'watch'] et watch qui lance 'test'"
1,1383317667088,"MoOx","comme ca t'as un truc qui boucle proprement"
1,1383317720124,"nfroidure","Je vais tester. Merci pour les infos"
1,1383317745017,"MoOx","si t'as besoin hésite pas"
1,1383317750326,"MoOx","j'en ai bouffé du grunt :)"
1,1383317751986,"nfroidure","okidoki"
1,1383317758201,"MoOx","enf ait dans l'idée"
1,1383317764433,"MoOx","tu te fais une tache qui fait ta popote"
1,1383317773235,"MoOx","et tu la relance par ton watch"
1,1383317840420,"MoOx","apres quand ta tache est trop lourd ou que tu peux faire certains morceaux en async"
1,1383317840430,"MoOx","tu découpes"
1,1383317840431,"MoOx","comme hp https://github.com/happyplan/happyplan/blob/master/grunt_tasks/config/watch.js"
1,1383317840431,"MoOx","puis tu livereload <3 magie dans ton browser"
1,1383317952914,"nfroidure","Je viens de tester ta soluce, mais j'ai tjrs le pb des Ctrl+C multiples"
1,1383317967445,"nfroidure","Je pense que grunt daemonize des tasks à tort"
1,1383317972090,"MoOx","tu fais ca quand le watch est en pause ?"
1,1383317993147,"MoOx","faut que t'ai qu'un watch de lancé faut en etre sur"
1,1383318036453,"nfroidure","https://github.com/francejs/effroi/blob/master/Gruntfile.js#L49"
2,1383318149687,"AlexandreMorgaut","AlexandreMorgaut join the chan."
1,1383318257899,"MoOx","je verrais un un default qui fait dist, test puis watch, et watch qui refait la meme chose (ligne 35 tu remets dist et test)"
1,1383318364975,"nfroidure","le pb vient de karma je pense car karma est une sorte de serveur"
1,1383318380966,"nfroidure","Donc, a priori, pas besoin d'arrêter/relancer karma"
1,1383318393320,"nfroidure","C'st ptêt pas en rapport avec Grunt"
1,1383318437597,"nfroidure","Par contre, c'est pas GruntWebfont que j'ai cloné mais https://github.com/nfroidure/grunt-fontfactory"
1,1383318438554,"bobot","Grunt task which creates a font from multiple SVG glyph files | Stars: 0 | Forks: 2 | Last update: October 27, 2013"
1,1383318462707,"MoOx","sinon"
1,1383318465863,"MoOx","dans ce cas"
1,1383318479024,"MoOx","tu lances, karma, puis watch"
1,1383318487645,"MoOx","dans le cas de plusieurs taches qui persistent"
1,1383318493361,"MoOx","watch doit etre lancé en dernier"
1,1383318544633,"MoOx","ah y'a aucune dépendance fontforge avec ce paquet ?"
1,1383318564412,"nfroidure","nope"
1,1383318568826,"nfroidure","C'est pour ça que j'ai pris ça"
1,1383318575564,"nfroidure","Ca a l'air fait qu'avec des modules npm"
1,1383318582371,"MoOx","ahah mais lol"
1,1383318589971,"nfroidure","Par contre, j'ai pas test a y'a pas bcp de forks/stars"
1,1383318592511,"MoOx","ce gars il a fait un PR a grunt-webfont"
1,1383318610580,"MoOx","ca a moins de 15j ce package"
1,1383318617798,"MoOx","on a refusé sa PR"
1,1383318625185,"MoOx","pas parcequ'elle était mauvaise"
1,1383318648754,"MoOx","mais il avait soulevé un problem intéressant du coup l'auteur de grunt-webbfont a changé l'implémentation des templates"
1,1383318661879,"MoOx","du coup lui a du boudé et faire son paquet dans son coin"
1,1383318664244,"MoOx","c'est con"
1,1383318689404,"nfroidure","J'avoue que le côté 0 deps à py est séduisant. Maintenant faut que ça marche"
1,1383318707507,"MoOx","oui"
1,1383318730037,"nfroidure","Je te dirai quoi quand j'aurai bidouillé un peu avec"
1,1383318734169,"MoOx","je vais faire une issue sur grunt-webfont pour voir si on peut faire comme lui"
1,1383318734179,"MoOx","car fontforge est assez relou"
1,1383318746586,"nfroidure","Mais bon, déjà, je vais faire du mapping sur les noms de fichier pour sûr"
1,1383318770229,"MoOx","pour reconnaitre les icones"
1,1383318777408,"MoOx","tu vas en chier..."
1,1383318783859,"nfroidure","En grous : u0060-home.svg vers \u0060"
1,1383318823231,"nfroidure","Et si tu enregistre un fichier home.svg, je le renomme auto vers u(codepointslibre)-home.svg"
1,1383318865982,"nfroidure","Comme ça chacun fait à sa sauce, tu commences pas à faire du CSS"
1,1383318883192,"MoOx","ben forcément tu vas en faire à un moment donnée"
1,1383318892480,"MoOx","et tu devras te retaper le code uXXXXX"
1,1383318893347,"MoOx",":s"
1,1383318896679,"nfroidure",":)"
1,1383318907151,"MoOx","lourd du coup imha :)"
1,1383318929628,"nfroidure","Allez, à la limite, un fichier Sass avec des vars home=\u0060"
1,1383318947831,"MoOx","bouarf"
1,1383318949188,"MoOx",":D"
1,1383320031297,"nfroidure","Bon, apparemment, c'est pas au point"
1,1383320046005,"nfroidure","Tous les icônes sont cassés (à l'envers/retournés)"
1,1383320135798,"MoOx","t'es sous linux ?"
1,1383320151868,"MoOx","fontforge c'est un binaire"
1,1383320152592,"nfroidure","Yep"
1,1383320161039,"MoOx","donc ca devrait pas etre bien compliqué"
1,1383320163874,"MoOx","et ca marche ;)"
1,1383320174289,"nfroidure","Je vais tester ;)"
1,1383320195192,"MoOx","sudo apt-get install fontforge ttfautohint"
1,1383320203036,"MoOx","ensuite grunt-webfont et zou ^^"
1,1383320230800,"MoOx","ttfautohint est optionel"
1,1383320443517,"nfroidure","ooops Fatal error: Cannot call method 'split' of undefined"
1,1383320444080,"bobot","¯\_(ツ)_/¯"
1,1383320472073,"MoOx","--stack --verbose"
1,1383320576771,"nfroidure","je l'ai mis par pm"
1,1383320618668,"MoOx","faut que tu cré les dossiers de sorties je crois"
1,1383320630424,"MoOx","le mkdir qui plante me semble avoir déjà vu cette erreur"
1,1383320652356,"nfroidure","ben le dossier pubmlic/fonts existe déjà"
1,1383320728949,"MoOx","ca doit etre un truc du genre car ca plante là https://github.com/sapegin/grunt-webfont/blob/master/tasks/webfont.js#L148"
1,1383320739356,"MoOx","t'as bien mis destCss aussi ?"
1,1383320744087,"MoOx","et il existe ?"
1,1383320756934,"nfroidure","destCSS non"
1,1383320794846,"nfroidure","J'ai ajouté mais ça change rine"
1,1383320807559,"nfroidure","Par contre, je suis sur un dossier qui est dans un mount fait avec sshfs"
1,1383320820164,"nfroidure","C'est ptêt ça qui lui plaît pas"
1,1383320848332,"nfroidure","J'ai fait un chmod 775 et un chown au cas o ù mais rien n'y change"
1,1383321069995,"nfroidure","https://github.com/francejs/francejs.github.com/pull/69"
1,1383321283811,"MoOx","jvois pas trop pour ton erreur"
1,1383321291151,"MoOx","du coup :s"
1,1383321302312,"MoOx","ca à l'air assez con"
1,1383321325061,"nfroidure","J'ai pas de chance dès que j'utilise du code tiers, j'ai des pbs :)"
1,1383321341523,"MoOx","on en a tous"
1,1383321356498,"nfroidure","Apparemment l'erreur a lieu dans Grunt"
1,1383321359171,"MoOx","souvent pebcak"
1,1383321377125,"MoOx","non"
1,1383321379546,"MoOx","(/home/nfroidure/Bureau/LocalServer/vino/taberna/node_modules/grunt/lib/grunt/file.js:187:11)"
1,1383321379603,"MoOx","16:25 nfroidure"
1,1383321379618,"MoOx","   at createOutputDirs (/home/nfroidure/Bureau/LocalServer/vino/taberna/node_modules/grunt-webfont/tasks/webfont.js:147:15)"
1,1383321395184,"MoOx","c juste que c'est grunt async qui trigger la task"
1,1383321462873,"MoOx","Cannot call method 'split' of undefined at Object.file.mkdir"
1,1383321462883,"MoOx","gist ta config pour voir ?"
1,1383321527852,"nfroidure","http://pastebin.com/nLKP4iAD"
1,1383321618594,"MoOx","enleve tes trailings slash dans tes path de la config"
1,1383321618605,"MoOx","je sens la vieille erreur pourri"
1,1383321625344,"MoOx","y'en a pas dans la doc"
1,1383321629257,"MoOx","et j'en ai pas non plus"
1,1383321760405,"nfroidure","idem"
1,1383321818248,"nfroidure","Pas mal le design de victor"
1,1383321827193,"MoOx","screen ?"
1,1383321924326,"nfroidure","http://tof.canardpc.com/view/cd62f61a-b230-42ce-ae20-2873b21bf93f.jpg"
1,1383321965079,"MoOx","bah vasy merge :D"
1,1383322075508,"nfroidure","Done"
1,1383322176986,"MoOx","par contre"
1,1383322183941,"MoOx","on a perdu toutes les autres pages du coup"
1,1383322187483,"MoOx","comment les trouver ?"
1,1383322221067,"nfroidure","Euh, non, elles sont tjs là"
1,1383322239083,"MoOx","oui"
1,1383322244154,"MoOx","mais ya' plus de liens sur la home"
1,1383322268416,"nfroidure","Si dans quoi de nuef. Y'avait des liens aailleurs ?"
1,1383322744147,"nfroidure","Pas mal : https://npmjs.org/package/grunt-fontsmith"
1,1383322747322,"nfroidure","JE vais test"
1,1383322827929,"MoOx","phantomjs en dep"
1,1383322828876,"MoOx","lol"
1,1383322892790,"nfroidure",":D"
1,1383322901137,"nfroidure","J'avoue quand j'ai npm-install j'ai bloqué"
1,1383322910630,"nfroidure","Mais en fait c'est du scrapping d'icomoon"
1,1383322946650,"MoOx","ca a pas arrangé d'enlever l / à la fin de dest et destCss ?"
1,1383322992093,"MoOx","--'"
1,1383322993769,"nfroidure","Nope, même résultat"
1,1383322998627,"MoOx","pour ton info"
1,1383323000306,"MoOx","https://github.com/sapegin/grunt-webfont/issues/63#issuecomment-27576016"
1,1383323007572,"MoOx","repo l'issue"
1,1383323016399,"MoOx","il est assez réactif le gars"
1,1383323341290,"nfroidure","Apparemment, mon besoin a été exprimé auparavant : https://github.com/sapegin/grunt-webfont/issues/3"
1,1383323388640,"nfroidure","Rien à voir, mais le taf de victor est vraiment bien :)"
1,1383323396357,"MoOx","en effet"
1,1383323427584,"MoOx","en fait tout à l'heure j'ai dis de la merde sur les pages, car j'ai cliqué dans l'histo sur la page conf2013"
1,1383323431996,"MoOx","comme un gros gland"
1,1383323432698,"MoOx",":D"
1,1383323436504,"nfroidure","Du coup, la régression c'est le cas où c'est une erreur ?"
1,1383323447072,"nfroidure","ok"
1,1383323449886,"MoOx","cad ?"
1,1383323462879,"nfroidure","Tu as répondu juste avant"
1,1383323485184,"nfroidure","Du coup, je vais voir pour merger l'autre pull request non ?"
1,1383323521193,"nfroidure","Faut vraiment un GruntFile comme ça je fait un pull et je lance la task grunt qui va bien"
1,1383323589849,"MoOx","makefile ca suffit je pense"
1,1383323601591,"MoOx","dans l'état des choses"
1,1383323634992,"MoOx","$ compass compile && jekyll build"
1,1383323635002,"MoOx","ca va c'est pas la mer à boire là :D"
1,1383323639744,"nfroidure","A l'heure d'aujourd'hui si je veux voir le résultat en local, je dois faire quoi en fait ?"
1,1383323647342,"nfroidure","ok"
1,1383323653469,"nfroidure","Décidément, je lagge aujoud'hui"
1,1383323663291,"MoOx","j'avais mis à jour le readme"
1,1383323669403,"MoOx","haha"
1,1383323699799,"nfroidure","Bon, je vais voir pour merger le deuxième PR"
32,1383323844068,"august1","august1 leave the IRC (Quit: august1)."
1,1383323853503,"nfroidure","Je vais completer ton issue sur webfont avec un screenshot de ce que j'ai avec l'autre lib histoire de monter qu'il y a encore du boulot"
1,1383323905261,"MoOx","je sais pas si c'est mieux"
1,1383323905272,"MoOx","mais bon"
1,1383323905272,"MoOx","you ar ze boss"
1,1383323905272,"MoOx","ben fontello marche"
1,1383323906099,"MoOx","mais c'est sur que faut y penser :)"
1,1383326072855,"nfroidure","Vouloir utiliser une tâche grunt pour ses fonts, filler deux issues et renoncer à la troisième faute de contact..."
2,1383326091145,"amorgaut","amorgaut join the chan."
1,1383326164692,"MoOx","faute de contact ?"
1,1383326183506,"nfroidure","Pas moyen de filler une issue https://github.com/nfroidure/grunt-fontfactory"
1,1383326184329,"bobot","Grunt task which creates a font from multiple SVG glyph files | Stars: 0 | Forks: 2 | Last update: October 27, 2013"
1,1383326194700,"nfroidure","Et pas de précision pour faire autrement"
1,1383326212952,"nfroidure","Ce soir je rentre boucouille :)"
1,1383326219468,"nfroidure","+r"
32,1383326293994,"AlexandreMorgaut","AlexandreMorgaut leave the IRC (Ping timeout: 264 seconds)."
1,1383326312528,"MoOx","ah le vénère"
1,1383326495035,"MoOx","jpourrais regarder un coup si tu veux"
1,1383326498100,"MoOx","après 20h"
1,1383326508615,"MoOx","si t'as pas peur"
1,1383326562550,"MoOx","tu me zip ton projet que je check rapido"
1,1383326562560,"MoOx","si t'as pas peur :)"
32,1383327623830,"amorgaut","amorgaut leave the IRC (Quit: This computer has gone to sleep)."
